    __  ______   ____                           __         
   / / / /  _/  / __ \___  _________  _________/ /__  _____
  / / / // /   / /_/ / _ \/ ___/ __ \/ ___/ __  / _ \/ ___/
 / /_/ // /   / _, _/  __/ /__/ /_/ / /  / /_/ /  __/ /    
 \____/___/  /_/ |_|\___/\___/\____/_/   \__,_/\___/_/    v2.5.12

Official Site: http://uirecorder.com
------------------------------------------------------------------

? æµ‹è¯•è„šæœ¬æ–‡ä»¶å: (sample/test.spec.js) ? æµ‹è¯•è„šæœ¬æ–‡ä»¶å: (sample/test.spec.js) 4? æµ‹è¯•è„šæœ¬æ–‡ä»¶å: (sample/test.spec.js) 4.? æµ‹è¯•è„šæœ¬æ–‡ä»¶å: (sample/test.spec.js) 4.2? æµ‹è¯•è„šæœ¬æ–‡ä»¶å: (sample/test.spec.js) 4.2.? æµ‹è¯•è„šæœ¬æ–‡ä»¶å: (sample/test.spec.js) 4.2.0? æµ‹è¯•è„šæœ¬æ–‡ä»¶å: (sample/test.spec.js) 4.2.0/? æµ‹è¯•è„šæœ¬æ–‡ä»¶å: (sample/test.spec.js) 4.2.0/c? æµ‹è¯•è„šæœ¬æ–‡ä»¶å: (sample/test.spec.js) 4.2.0/ch? æµ‹è¯•è„šæœ¬æ–‡ä»¶å: (sample/test.spec.js) 4.2.0/cha? æµ‹è¯•è„šæœ¬æ–‡ä»¶å: (sample/test.spec.js) 4.2.0/chat? æµ‹è¯•è„šæœ¬æ–‡ä»¶å: (sample/test.spec.js) 4.2.0/chat.? æµ‹è¯•è„šæœ¬æ–‡ä»¶å: (sample/test.spec.js) 4.2.0/chat.s? æµ‹è¯•è„šæœ¬æ–‡ä»¶å: (sample/test.spec.js) 4.2.0/chat.sp? æµ‹è¯•è„šæœ¬æ–‡ä»¶å: (sample/test.spec.js) 4.2.0/chat.spe? æµ‹è¯•è„šæœ¬æ–‡ä»¶å: (sample/test.spec.js) 4.2.0/chat.spec? æµ‹è¯•è„šæœ¬æ–‡ä»¶å: (sample/test.spec.js) 4.2.0/chat.spec.? æµ‹è¯•è„šæœ¬æ–‡ä»¶å: (sample/test.spec.js) 4.2.0/chat.spec.j? æµ‹è¯•è„šæœ¬æ–‡ä»¶å: (sample/test.spec.js) 4.2.0/chat.spec.js? æµ‹è¯•è„šæœ¬æ–‡ä»¶å: 4.2.0/chat.spec.js
? Appè·¯å¾„ (æ‰©å±•å: apk, app, zip): () ? Appè·¯å¾„ (æ‰©å±•å: apk, app, zip): () /? Appè·¯å¾„ (æ‰©å±•å: apk, app, zip): () /U? Appè·¯å¾„ (æ‰©å±•å: apk, app, zip): () /Us? Appè·¯å¾„ (æ‰©å±•å: apk, app, zip): () /Use? Appè·¯å¾„ (æ‰©å±•å: apk, app, zip): () /User? Appè·¯å¾„ (æ‰©å±•å: apk, app, zip): () /Users? Appè·¯å¾„ (æ‰©å±•å: apk, app, zip): () /Users/? Appè·¯å¾„ (æ‰©å±•å: apk, app, zip): () /Users/l? Appè·¯å¾„ (æ‰©å±•å: apk, app, zip): () /Users/lu? Appè·¯å¾„ (æ‰©å±•å: apk, app, zip): () /Users/luc? Appè·¯å¾„ (æ‰©å±•å: apk, app, zip): () /Users/lucy? Appè·¯å¾„ (æ‰©å±•å: apk, app, zip): () /Users/lucy/? Appè·¯å¾„ (æ‰©å±•å: apk, app, zip): () /Users/lucy/D? Appè·¯å¾„ (æ‰©å±•å: apk, app, zip): () /Users/lucy/De? Appè·¯å¾„ (æ‰©å±•å: apk, app, zip): () /Users/lucy/Des? Appè·¯å¾„ (æ‰©å±•å: apk, app, zip): () /Users/lucy/Desk? Appè·¯å¾„ (æ‰©å±•å: apk, app, zip): () /Users/lucy/Deskt? Appè·¯å¾„ (æ‰©å±•å: apk, app, zip): () /Users/lucy/Deskto? Appè·¯å¾„ (æ‰©å±•å: apk, app, zip): () /Users/lucy/Desktop? Appè·¯å¾„ (æ‰©å±•å: apk, app, zip): () /Users/lucy/Desktop/? Appè·¯å¾„ (æ‰©å±•å: apk, app, zip): () /Users/lucy/Desktop/c? Appè·¯å¾„ (æ‰©å±•å: apk, app, zip): () /Users/lucy/Desktop/ca? Appè·¯å¾„ (æ‰©å±•å: apk, app, zip): () /Users/lucy/Desktop/car? Appè·¯å¾„ (æ‰©å±•å: apk, app, zip): () /Users/lucy/Desktop/cari? Appè·¯å¾„ (æ‰©å±•å: apk, app, zip): () /Users/lucy/Desktop/carib? Appè·¯å¾„ (æ‰©å±•å: apk, app, zip): () /Users/lucy/Desktop/caribo? Appè·¯å¾„ (æ‰©å±•å: apk, app, zip): () /Users/lucy/Desktop/caribou? Appè·¯å¾„ (æ‰©å±•å: apk, app, zip): () /Users/lucy/Desktop/caribou_? Appè·¯å¾„ (æ‰©å±•å: apk, app, zip): () /Users/lucy/Desktop/caribou_v? Appè·¯å¾„ (æ‰©å±•å: apk, app, zip): () /Users/lucy/Desktop/caribou_v4? Appè·¯å¾„ (æ‰©å±•å: apk, app, zip): () /Users/lucy/Desktop/caribou_v4.? Appè·¯å¾„ (æ‰©å±•å: apk, app, zip): () /Users/lucy/Desktop/caribou_v4.2? Appè·¯å¾„ (æ‰©å±•å: apk, app, zip): () /Users/lucy/Desktop/caribou_v4.2.? Appè·¯å¾„ (æ‰©å±•å: apk, app, zip): () /Users/lucy/Desktop/caribou_v4.2.0? Appè·¯å¾„ (æ‰©å±•å: apk, app, zip): () /Users/lucy/Desktop/caribou_v4.2.0_? Appè·¯å¾„ (æ‰©å±•å: apk, app, zip): () /Users/lucy/Desktop/caribou_v4.2.0_2? Appè·¯å¾„ (æ‰©å±•å: apk, app, zip): () /Users/lucy/Desktop/caribou_v4.2.0_20? Appè·¯å¾„ (æ‰©å±•å: apk, app, zip): () /Users/lucy/Desktop/caribou_v4.2.0_201? Appè·¯å¾„ (æ‰©å±•å: apk, app, zip): () /Users/lucy/Desktop/caribou_v4.2.0_2017? Appè·¯å¾„ (æ‰©å±•å: apk, app, zip): () /Users/lucy/Desktop/caribou_v4.2.0_20170? Appè·¯å¾„ (æ‰©å±•å: apk, app, zip): () /Users/lucy/Desktop/caribou_v4.2.0_201708? Appè·¯å¾„ (æ‰©å±•å: apk, app, zip): () /Users/lucy/Desktop/caribou_v4.2.0_2017081? Appè·¯å¾„ (æ‰©å±•å: apk, app, zip): () /Users/lucy/Desktop/caribou_v4.2.0_20170810? Appè·¯å¾„ (æ‰©å±•å: apk, app, zip): () /Users/lucy/Desktop/caribou_v4.2.0_20170810.? Appè·¯å¾„ (æ‰©å±•å: apk, app, zip): () /Users/lucy/Desktop/caribou_v4.2.0_20170810.a? Appè·¯å¾„ (æ‰©å±•å: apk, app, zip): () /Users/lucy/Desktop/caribou_v4.2.0_20170810.ap? Appè·¯å¾„ (æ‰©å±•å: apk, app, zip): () /Users/lucy/Desktop/caribou_v4.2.0_20170810.apk
[1A? Appè·¯å¾„ (æ‰©å±•å: apk, app, zip): /Users/lucy/Desktop/caribou_v4.2.0_20170810.apk

å½•åˆ¶æœåŠ¡å™¨ç›‘å¬åœ¨ç«¯å£: 9765
å½•åˆ¶æµè§ˆå™¨å·²å¼€å¯
  tap: è¯·è¾“å…¥æ‰‹æœºå· ( //*[@text="è¯·è¾“å…¥æ‰‹æœºå·"] )
   âœ“ æ‰§è¡ŒæˆåŠŸ
  sendKeys: 13123456789{ESCAPE}
   âœ“ æ‰§è¡ŒæˆåŠŸ
  tap: ä¸‹ä¸€æ­¥ ( //*[@text="ä¸‹ä¸€æ­¥"] )
   âœ“ æ‰§è¡ŒæˆåŠŸ
  tap: è¯·è¾“å…¥6ä½éªŒè¯ç  ( //*[@text="è¯·è¾“å…¥6ä½éªŒè¯ç "] )
   âœ“ æ‰§è¡ŒæˆåŠŸ
  sendKeys: 123456{ESCAPE}
   âœ“ æ‰§è¡ŒæˆåŠŸ
  tap: ç™»å½• ( //*[@text="ç™»å½•"] )
   âœ“ æ‰§è¡ŒæˆåŠŸ
  expect: text, //*[@text="å°åŠ©æ‰‹"], equal, å°åŠ©æ‰‹
   âœ“ æ‰§è¡ŒæˆåŠŸ
  tap: å°åŠ©æ‰‹ ( //*[@text="å°åŠ©æ‰‹"] )
   âœ“ æ‰§è¡ŒæˆåŠŸ
  expect: text, //*[@text="é€é¹¿å°åŠ©æ‰‹"], equal, é€é¹¿å°åŠ©æ‰‹
   âœ“ æ‰§è¡ŒæˆåŠŸ
  expect: text, //*[@text="å‘é€"], equal, å‘é€
   âœ“ æ‰§è¡ŒæˆåŠŸ
  tap: å‘é€é¹¿å°åŠ©æ‰‹ç›´æ¥å’¨è¯¢... ( //*[@text="å‘é€é¹¿å°åŠ©æ‰‹ç›´æ¥å’¨è¯¢é¡¹ç›®æƒ…å†µ"] )
   âœ“ æ‰§è¡ŒæˆåŠŸ
  sendKeys: æµ‹è¯•ä¸€ä¸‹ï¼Œå¼å¼{ESCAPE}
   âœ“ æ‰§è¡ŒæˆåŠŸ
  tap: ç§ä¿¡ ( //*[@text="ç§ä¿¡"] )
   âœ“ æ‰§è¡ŒæˆåŠŸ
  tap: 593, 460
   âœ“ æ‰§è¡ŒæˆåŠŸ
  tap: äººäººoffice ( //*[@text="äººäººoffice"] )
   âœ“ æ‰§è¡ŒæˆåŠŸ
  tap: å‘é€é¹¿å°åŠ©æ‰‹ç›´æ¥å’¨è¯¢... ( //*[@text="å‘é€é¹¿å°åŠ©æ‰‹ç›´æ¥å’¨è¯¢é¡¹ç›®æƒ…å†µ"] )
   âœ“ æ‰§è¡ŒæˆåŠŸ
  sendKeys: å‘é€åœ°æ–¹{ESCAPE}
   âœ“ æ‰§è¡ŒæˆåŠŸ

------------------------------------------------------------------

  å‘ç°æ–°ç‰ˆæœ¬: 2.5.12 â†’ 2.5.27
  æ‰§è¡Œå‘½ä»¤å‡çº§ï¼šnpm i uirecorder -g

------------------------------------------------------------------
